<?xml version="1.0" encoding="UTF-8"?>
<!-- Generated by org.testng.reporters.JUnitReportReporter -->
<testsuite name="com.Zopa.testcases.ZopaMemberSignUpTest" tests="1" time="21.584" ignored="0" failures="0" timestamp="28 Jun 2018 17:03:38 GMT" skipped="0" hostname="DESKTOP-R0QK2O8" errors="0">
  <testcase name="verifyUserSignUp" time="21.584" classname="com.Zopa.testcases.ZopaMemberSignUpTest"/>
</testsuite> <!-- com.Zopa.testcases.ZopaMemberSignUpTest -->
