<?xml version="1.0" encoding="UTF-8"?>
<!-- Generated by org.testng.reporters.JUnitReportReporter -->
<testsuite name="com.Bonify.testcases.BonifyMemberLoginLogoutSignUpTest" tests="11" time="13.143" ignored="0" failures="0" timestamp="21 Aug 2018 20:44:35 GMT" skipped="0" hostname="sov.local" errors="0">
  <testcase name="verifyLoginPage" time="4.346" classname="com.Bonify.testcases.BonifyMemberLoginLogoutSignUpTest"/>
  <testcase name="verifyUserRegistrationStepTwo" time="0.880" classname="com.Bonify.testcases.BonifyMemberLoginLogoutSignUpTest"/>
  <testcase name="verifySuccessfulLogout" time="1.384" classname="com.Bonify.testcases.BonifyMemberLoginLogoutSignUpTest"/>
  <testcase name="verifyInvalidEmail" time="0.246" classname="com.Bonify.testcases.BonifyMemberLoginLogoutSignUpTest"/>
  <testcase name="verifyBlankPassword" time="0.388" classname="com.Bonify.testcases.BonifyMemberLoginLogoutSignUpTest"/>
  <testcase name="verifyBlankEmailId" time="0.369" classname="com.Bonify.testcases.BonifyMemberLoginLogoutSignUpTest"/>
  <testcase name="verifyRegistrationPage" time="3.072" classname="com.Bonify.testcases.BonifyMemberLoginLogoutSignUpTest"/>
  <testcase name="verifyUserRegistrationStepOne" time="0.476" classname="com.Bonify.testcases.BonifyMemberLoginLogoutSignUpTest"/>
  <testcase name="verifyInvalidPassword" time="0.204" classname="com.Bonify.testcases.BonifyMemberLoginLogoutSignUpTest"/>
  <testcase name="verifySuccessfulLogin" time="1.585" classname="com.Bonify.testcases.BonifyMemberLoginLogoutSignUpTest"/>
  <testcase name="verifyBlankEmailPassword" time="0.193" classname="com.Bonify.testcases.BonifyMemberLoginLogoutSignUpTest"/>
</testsuite> <!-- com.Bonify.testcases.BonifyMemberLoginLogoutSignUpTest -->
