<?xml version="1.0" encoding="UTF-8"?>
<!-- Generated by org.testng.reporters.JUnitReportReporter -->
<testsuite name="com.Bonify.testcases.BonifyMemberLoginLogoutTest" tests="3" time="0.005" ignored="4" failures="0" timestamp="21 Aug 2018 09:54:17 GMT" skipped="3" hostname="IKA-56474448" errors="0">
  <testcase name="verifySuccessfulLogout" time="0.002" classname="com.Bonify.testcases.BonifyMemberLoginLogoutTest">
    <skipped/>
  </testcase> <!-- verifySuccessfulLogout -->
  <testcase name="verifyLoginPage" time="0.002" classname="com.Bonify.testcases.BonifyMemberLoginLogoutTest">
    <skipped/>
  </testcase> <!-- verifyLoginPage -->
  <testcase name="verifySuccessfulLogin" time="0.001" classname="com.Bonify.testcases.BonifyMemberLoginLogoutTest">
    <skipped/>
  </testcase> <!-- verifySuccessfulLogin -->
  <testcase name="invokeBrowser" classname="com.Bonify.testcases.BaseScenarios">
    <skipped/>
  </testcase> <!-- invokeBrowser -->
  <testcase name="cleanup" classname="com.Bonify.testcases.BaseScenarios">
    <skipped/>
  </testcase> <!-- cleanup -->
  <testcase name="initialization" classname="com.Bonify.testcases.BaseScenarios">
    <skipped/>
  </testcase> <!-- initialization -->
  <testcase name="closeBrowser" classname="com.Bonify.testcases.BaseScenarios">
    <skipped/>
  </testcase> <!-- closeBrowser -->
</testsuite> <!-- com.Bonify.testcases.BonifyMemberLoginLogoutTest -->
