<?xml version="1.0" encoding="UTF-8"?>
<!-- Generated by org.testng.reporters.JUnitReportReporter -->
<testsuite name="com.Bonify.testcases.BonifyMemberLoginLogoutSignUpTest" tests="11" time="18.088" ignored="0" failures="0" timestamp="21 Aug 2018 21:07:47 GMT" skipped="0" hostname="sov.local" errors="0">
  <testcase name="verifyLoginPage" time="3.879" classname="com.Bonify.testcases.BonifyMemberLoginLogoutSignUpTest"/>
  <testcase name="verifyUserRegistrationStepTwo" time="1.028" classname="com.Bonify.testcases.BonifyMemberLoginLogoutSignUpTest"/>
  <testcase name="verifySuccessfulLogout" time="1.378" classname="com.Bonify.testcases.BonifyMemberLoginLogoutSignUpTest"/>
  <testcase name="verifyInvalidEmail" time="0.285" classname="com.Bonify.testcases.BonifyMemberLoginLogoutSignUpTest"/>
  <testcase name="verifyBlankPassword" time="0.383" classname="com.Bonify.testcases.BonifyMemberLoginLogoutSignUpTest"/>
  <testcase name="verifyBlankEmailId" time="0.439" classname="com.Bonify.testcases.BonifyMemberLoginLogoutSignUpTest"/>
  <testcase name="verifyRegistrationPage" time="8.148" classname="com.Bonify.testcases.BonifyMemberLoginLogoutSignUpTest"/>
  <testcase name="verifyUserRegistrationStepOne" time="0.503" classname="com.Bonify.testcases.BonifyMemberLoginLogoutSignUpTest"/>
  <testcase name="verifyInvalidPassword" time="0.217" classname="com.Bonify.testcases.BonifyMemberLoginLogoutSignUpTest"/>
  <testcase name="verifySuccessfulLogin" time="1.585" classname="com.Bonify.testcases.BonifyMemberLoginLogoutSignUpTest"/>
  <testcase name="verifyBlankEmailPassword" time="0.243" classname="com.Bonify.testcases.BonifyMemberLoginLogoutSignUpTest"/>
</testsuite> <!-- com.Bonify.testcases.BonifyMemberLoginLogoutSignUpTest -->
