<?xml version="1.0" encoding="UTF-8"?>
<!-- Generated by org.testng.reporters.JUnitReportReporter -->
<testsuite name="com.Zopa.testcases.ZopaMemberSignUpTest" tests="1" time="19.627" ignored="0" failures="0" timestamp="12 Jul 2018 13:32:45 GMT" skipped="0" hostname="IKA-56474448" errors="0">
  <testcase name="verifyUserSignUp" time="19.627" classname="com.Zopa.testcases.ZopaMemberSignUpTest"/>
</testsuite> <!-- com.Zopa.testcases.ZopaMemberSignUpTest -->
